[10-06-2021 09:40:49] Optimized file /wp-content/uploads/2021/06/تحرك-768x782.jpg from 46 KB to 40 KB
[10-06-2021 09:40:49] Optimized file /wp-content/uploads/2021/06/تحرك-238x182.jpg from 8 KB to 7 KB
[10-06-2021 09:40:53] Optimized file /wp-content/uploads/2021/06/تحرك-150x150.jpg from 5 KB to 5 KB
[10-06-2021 09:40:57] Optimized file /wp-content/uploads/2021/06/تحرك-240x100.jpg from 4 KB to 3 KB
[10-06-2021 09:40:57] Optimized file /wp-content/uploads/2021/06/تحرك-400x400.jpg from 21 KB to 19 KB
[10-06-2021 09:41:02] Optimized file /wp-content/uploads/2021/06/تحرك-560x350.jpg from 17 KB to 15 KB
[10-06-2021 09:41:08] Optimized file /wp-content/uploads/2021/06/تحرك-770x480.jpg from 25 KB to 21 KB
[10-06-2021 09:41:13] Optimized file /wp-content/uploads/2021/06/تحرك-1121x780.jpg from 47 KB to 46 KB
[10-06-2021 09:41:18] Optimized file /wp-content/uploads/2021/06/تحرك-1121x1080.jpg from 73 KB to 61 KB
[10-06-2021 09:41:28] Optimized file /wp-content/uploads/2021/06/تحرك-150x115.jpg from 4 KB to 4 KB
[10-06-2021 09:41:33] Optimized file /wp-content/uploads/2021/06/تحرك-238x182.jpg from 7 KB to 7 KB
[10-06-2021 09:41:34] Optimized file /wp-content/uploads/2021/06/تحرك-337x258.jpg from 12 KB to 11 KB
[10-06-2021 09:41:36] Optimized file /wp-content/uploads/2021/06/تحرك-536x411.jpg from 21 KB to 19 KB
[10-06-2021 09:41:39] Optimized file /wp-content/uploads/2021/06/تحرك-426x327.jpg from 16 KB to 15 KB
[10-06-2021 09:41:44] Optimized file /wp-content/uploads/2021/06/تحرك-860x662.jpg from 37 KB to 32 KB
[10-06-2021 09:41:46] Optimized file /wp-content/uploads/2021/06/تحرك-400x300.jpg from 14 KB to 13 KB
[10-06-2021 09:41:47] Optimized file /wp-content/uploads/2021/06/تحرك-900x675.jpg from 38 KB to 32 KB
[10-06-2021 09:41:49] Optimized file /wp-content/uploads/2021/06/تحرك-1121x411.jpg from 24 KB to 24 KB
[10-06-2021 10:42:56] Error! Picture /wp-content/uploads/2021/06/-المواطن.jpg cannot be optimized, file is not found on disk.
[10-06-2021 10:43:00] Optimized file /wp-content/uploads/2021/06/حساب-المواطن-300x169.jpg from 5 KB to 4 KB[10-06-2021 10:43:01] Optimized file /wp-content/uploads/2021/06/حساب-المواطن-150x150.jpg from 4 KB to 3 KB
[10-06-2021 10:43:01] Optimized file /wp-content/uploads/2021/06/حساب-المواطن-768x432.jpg from 17 KB to 16 KB
[10-06-2021 10:43:02] Optimized file /wp-content/uploads/2021/06/حساب-المواطن-238x182.jpg from 5 KB to 5 KB
[10-06-2021 10:43:10] Optimized file /wp-content/uploads/2021/06/حساب-المواطن-150x150.jpg from 3 KB to 3 KB
[10-06-2021 10:43:13] Optimized file /wp-content/uploads/2021/06/حساب-المواطن-240x100.jpg from 4 KB to 3 KB
[10-06-2021 10:43:14] Optimized file /wp-content/uploads/2021/06/حساب-المواطن-400x400.jpg from 12 KB to 11 KB
[10-06-2021 10:43:15] Optimized file /wp-content/uploads/2021/06/حساب-المواطن-560x350.jpg from 12 KB to 12 KB
[10-06-2021 10:43:20] Optimized file /wp-content/uploads/2021/06/حساب-المواطن-770x450.jpg from 19 KB to 18 KB
[10-06-2021 10:43:20] Optimized file /wp-content/uploads/2021/06/حساب-المواطن-150x115.jpg from 3 KB to 3 KB
[10-06-2021 10:43:22] Optimized file /wp-content/uploads/2021/06/حساب-المواطن-238x182.jpg from 5 KB to 5 KB
[10-06-2021 10:43:24] Optimized file /wp-content/uploads/2021/06/حساب-المواطن-337x258.jpg from 8 KB to 7 KB
[10-06-2021 10:43:26] Optimized file /wp-content/uploads/2021/06/حساب-المواطن-536x411.jpg from 15 KB to 15 KB
[10-06-2021 10:43:27] Optimized file /wp-content/uploads/2021/06/حساب-المواطن-426x327.jpg from 11 KB to 9 KB
[10-06-2021 10:43:31] Optimized file /wp-content/uploads/2021/06/حساب-المواطن-400x300.jpg from 10 KB to 9 KB
[10-06-2021 10:43:35] Optimized file /wp-content/uploads/2021/06/حساب-المواطن-800x411.jpg from 18 KB to 18 KB
[10-06-2021 10:49:24] Error! Picture /wp-content/uploads/2021/06/.jpg cannot be optimized, file is not found on disk.
[10-06-2021 10:49:24] Optimized file /wp-content/uploads/2021/06/عدل-169x300.jpg from 10 KB to 9 KB
[10-06-2021 10:49:31] Optimized file /wp-content/uploads/2021/06/عدل-150x150.jpg from 5 KB to 4 KB
[10-06-2021 10:49:33] Optimized file /wp-content/uploads/2021/06/عدل-238x182.jpg from 8 KB to 8 KB
[10-06-2021 10:49:35] Optimized file /wp-content/uploads/2021/06/عدل-150x150.jpg from 4 KB to 4 KB
[10-06-2021 10:49:35] Optimized file /wp-content/uploads/2021/06/عدل-240x100.jpg from 4 KB to 4 KB
[10-06-2021 10:49:41] Optimized file /wp-content/uploads/2021/06/عدل-337x400.jpg from 23 KB to 21 KB
[10-06-2021 10:49:45] Optimized file /wp-content/uploads/2021/06/عدل-337x350.jpg from 19 KB to 18 KB
[10-06-2021 10:49:48] Optimized file /wp-content/uploads/2021/06/عدل-337x480.jpg from 26 KB to 25 KB
[10-06-2021 10:49:49] Optimized file /wp-content/uploads/2021/06/عدل-150x115.jpg from 4 KB to 4 KB
[10-06-2021 10:49:49] Optimized file /wp-content/uploads/2021/06/عدل-238x182.jpg from 8 KB to 8 KB
[10-06-2021 10:49:50] Optimized file /wp-content/uploads/2021/06/عدل-337x258.jpg from 15 KB to 14 KB
[10-06-2021 10:49:52] Optimized file /wp-content/uploads/2021/06/عدل-337x411.jpg from 24 KB to 22 KB
[10-06-2021 10:49:54] Optimized file /wp-content/uploads/2021/06/عدل-337x327.jpg from 17 KB to 16 KB
[10-06-2021 10:49:56] Optimized file /wp-content/uploads/2021/06/عدل-337x300.jpg from 17 KB to 16 KB
[10-06-2021 10:49:57] Optimized file /wp-content/uploads/2021/06/عدل-337x411.jpg from 22 KB to 22 KB
[10-06-2021 10:54:55] Error! Picture /wp-content/uploads/2021/06/.jpg cannot be optimized, file is not found on disk.
[10-06-2021 10:54:55] Optimized file /wp-content/uploads/2021/06/منشآت-300x180.jpg from 7 KB to 7 KB
[10-06-2021 10:54:59] Optimized file /wp-content/uploads/2021/06/منشآت-150x150.jpg from 4 KB to 4 KB
[10-06-2021 10:55:00] Optimized file /wp-content/uploads/2021/06/منشآت-768x462.jpg from 31 KB to 28 KB
[10-06-2021 10:55:01] Optimized file /wp-content/uploads/2021/06/منشآت-238x182.jpg from 6 KB to 6 KB
[10-06-2021 10:55:01] Optimized file /wp-content/uploads/2021/06/منشآت-150x150.jpg from 4 KB to 4 KB
[10-06-2021 10:55:02] Optimized file /wp-content/uploads/2021/06/منشآت-240x100.jpg from 4 KB to 3 KB
[10-06-2021 10:55:04] Optimized file /wp-content/uploads/2021/06/منشآت-400x400.jpg from 18 KB to 17 KB
[10-06-2021 10:55:05] Optimized file /wp-content/uploads/2021/06/منشآت-560x350.jpg from 20 KB to 18 KB
[10-06-2021 10:55:09] Optimized file /wp-content/uploads/2021/06/منشآت-770x480.jpg from 32 KB to 29 KB
[10-06-2021 10:55:13] Optimized file /wp-content/uploads/2021/06/منشآت-150x115.jpg from 3 KB to 3 KB
[10-06-2021 10:55:18] Optimized file /wp-content/uploads/2021/06/منشآت-238x182.jpg from 6 KB to 6 KB
[10-06-2021 10:55:25] Optimized file /wp-content/uploads/2021/06/منشآت-337x258.jpg from 11 KB to 10 KB
[10-06-2021 10:55:31] Optimized file /wp-content/uploads/2021/06/منشآت-536x411.jpg from 22 KB to 20 KB
[10-06-2021 10:55:32] Optimized file /wp-content/uploads/2021/06/منشآت-426x327.jpg from 15 KB to 14 KB
[10-06-2021 10:55:36] Optimized file /wp-content/uploads/2021/06/منشآت-860x600.jpg from 44 KB to 40 KB
[10-06-2021 10:55:37] Optimized file /wp-content/uploads/2021/06/منشآت-400x300.jpg from 14 KB to 13 KB
[10-06-2021 10:55:38] Optimized file /wp-content/uploads/2021/06/منشآت-900x600.jpg from 46 KB to 41 KB
[10-06-2021 10:55:44] Optimized file /wp-content/uploads/2021/06/منشآت-998x411.jpg from 32 KB to 28 KB
[10-06-2021 11:04:44] Error! Picture /wp-content/uploads/2021/06/.jpg cannot be optimized, file is not found on disk.
[10-06-2021 11:04:45] Optimized file /wp-content/uploads/2021/06/الراض-185x300.jpg from 13 KB to 13 KB
[10-06-2021 11:04:49] Optimized file /wp-content/uploads/2021/06/الراض-150x150.jpg from 6 KB to 6 KB
[10-06-2021 11:04:51] Optimized file /wp-content/uploads/2021/06/الراض-238x182.jpg from 10 KB to 10 KB
[10-06-2021 11:04:55] Optimized file /wp-content/uploads/2021/06/الراض-150x150.jpg from 6 KB to 6 KB
[10-06-2021 11:04:55] Optimized file /wp-content/uploads/2021/06/الراض-240x100.jpg from 5 KB to 5 KB
[10-06-2021 11:04:56] Optimized file /wp-content/uploads/2021/06/الراض-370x400.jpg from 35 KB to 33 KB
[10-06-2021 11:04:57] Optimized file /wp-content/uploads/2021/06/الراض-370x350.jpg from 31 KB to 29 KB
[10-06-2021 11:04:58] Optimized file /wp-content/uploads/2021/06/الراض-370x480.jpg from 41 KB to 38 KB
[10-06-2021 11:05:00] Optimized file /wp-content/uploads/2021/06/الراض-150x115.jpg from 5 KB to 4 KB
[10-06-2021 11:05:10] Cannot establish connection with reSmush.it webservice while optimizing /home/albila7/public_html/wp-content/uploads/2021/06/الراض-238x182.jpg (timeout of 10sec.)
[10-06-2021 11:05:11] Optimized file /wp-content/uploads/2021/06/الراض-337x258.jpg from 18 KB to 17 KB
[10-06-2021 11:05:12] Optimized file /wp-content/uploads/2021/06/الراض-370x411.jpg from 37 KB to 35 KB
[10-06-2021 11:05:13] Optimized file /wp-content/uploads/2021/06/الراض-370x327.jpg from 29 KB to 27 KB
[10-06-2021 11:05:17] Optimized file /wp-content/uploads/2021/06/الراض-370x300.jpg from 27 KB to 25 KB
[10-06-2021 11:05:18] Optimized file /wp-content/uploads/2021/06/الراض-370x411.jpg from 35 KB to 35 KB
[10-06-2021 11:10:28] Error! Picture /wp-content/uploads/2021/06/-1.jpg cannot be optimized, file is not found on disk.
[10-06-2021 11:10:29] Optimized file /wp-content/uploads/2021/06/هدف-1-300x236.jpg from 13 KB to 12 KB
[10-06-2021 11:10:33] Optimized file /wp-content/uploads/2021/06/هدف-1-150x150.jpg from 5 KB to 5 KB
[10-06-2021 11:10:36] Optimized file /wp-content/uploads/2021/06/هدف-1-238x182.jpg from 9 KB to 8 KB
[10-06-2021 11:10:37] Optimized file /wp-content/uploads/2021/06/هدف-1-150x150.jpg from 5 KB to 5 KB
[10-06-2021 11:10:43] Optimized file /wp-content/uploads/2021/06/هدف-1-240x100.jpg from 6 KB to 6 KB
[10-06-2021 11:10:45] Optimized file /wp-content/uploads/2021/06/هدف-1-400x400.jpg from 24 KB to 22 KB
[10-06-2021 11:10:47] Optimized file /wp-content/uploads/2021/06/هدف-1-560x350.jpg from 29 KB to 27 KB
[10-06-2021 11:10:51] Optimized file /wp-content/uploads/2021/06/هدف-1-764x480.jpg from 55 KB to 51 KB
[10-06-2021 11:10:56] Optimized file /wp-content/uploads/2021/06/هدف-1-150x115.jpg from 4 KB to 4 KB
[10-06-2021 11:10:56] Optimized file /wp-content/uploads/2021/06/هدف-1-238x182.jpg from 8 KB to 8 KB
[10-06-2021 11:10:57] Optimized file /wp-content/uploads/2021/06/هدف-1-337x258.jpg from 16 KB to 14 KB
[10-06-2021 11:10:58] Optimized file /wp-content/uploads/2021/06/هدف-1-536x411.jpg from 32 KB to 29 KB
[10-06-2021 11:11:05] Optimized file /wp-content/uploads/2021/06/هدف-1-426x327.jpg from 22 KB to 21 KB
[10-06-2021 11:11:08] Optimized file /wp-content/uploads/2021/06/هدف-1-400x300.jpg from 20 KB to 19 KB
[10-06-2021 11:11:09] Optimized file /wp-content/uploads/2021/06/هدف-1-764x411.jpg from 49 KB to 45 KB
[10-06-2021 11:19:08] Error! Picture /wp-content/uploads/2021/06/.jpg cannot be optimized, file is not found on disk.
[10-06-2021 11:19:10] Optimized file /wp-content/uploads/2021/06/كهر-300x169.jpg from 10 KB to 10 KB
[10-06-2021 11:19:12] Optimized file /wp-content/uploads/2021/06/كهر-1024x576.jpg from 85 KB to 82 KB
[10-06-2021 11:19:18] Optimized file /wp-content/uploads/2021/06/كهر-150x150.jpg from 5 KB to 5 KB
[10-06-2021 11:19:21] Optimized file /wp-content/uploads/2021/06/كهر-768x432.jpg from 53 KB to 51 KB
[10-06-2021 11:19:22] Optimized file /wp-content/uploads/2021/06/كهر-238x182.jpg from 9 KB to 9 KB
[10-06-2021 11:19:24] Optimized file /wp-content/uploads/2021/06/كهر-150x150.jpg from 5 KB to 5 KB
[10-06-2021 11:19:25] Optimized file /wp-content/uploads/2021/06/كهر-240x100.jpg from 6 KB to 6 KB
[10-06-2021 11:19:30] Optimized file /wp-content/uploads/2021/06/كهر-400x400.jpg from 28 KB to 27 KB
[10-06-2021 11:19:32] Optimized file /wp-content/uploads/2021/06/كهر-560x350.jpg from 34 KB to 32 KB
[10-06-2021 11:19:37] Optimized file /wp-content/uploads/2021/06/كهر-770x480.jpg from 59 KB to 56 KB
[10-06-2021 11:19:42] Optimized file /wp-content/uploads/2021/06/كهر-1170x720.jpg from 118 KB to 114 KB
[10-06-2021 11:19:46] Optimized file /wp-content/uploads/2021/06/كهر-150x115.jpg from 4 KB to 4 KB
[10-06-2021 11:19:47] Optimized file /wp-content/uploads/2021/06/كهر-238x182.jpg from 9 KB to 9 KB
[10-06-2021 11:19:47] Optimized file /wp-content/uploads/2021/06/كهر-337x258.jpg from 17 KB to 16 KB
[10-06-2021 11:19:50] Optimized file /wp-content/uploads/2021/06/كهر-536x411.jpg from 38 KB to 36 KB
[10-06-2021 11:19:50] Optimized file /wp-content/uploads/2021/06/كهر-426x327.jpg from 25 KB to 24 KB
[10-06-2021 11:19:52] Optimized file /wp-content/uploads/2021/06/كهر-860x662.jpg from 83 KB to 80 KB
[10-06-2021 11:19:54] Optimized file /wp-content/uploads/2021/06/كهر-400x300.jpg from 22 KB to 21 KB
[10-06-2021 11:19:56] Optimized file /wp-content/uploads/2021/06/كهر-900x675.jpg from 88 KB to 85 KB
[10-06-2021 11:19:57] Optimized file /wp-content/uploads/2021/06/كهر-1132x411.jpg from 82 KB to 80 KB
[10-06-2021 11:26:16] Error! Picture /wp-content/uploads/2021/06/-سيشل.jpg cannot be optimized, file is not found on disk.
[10-06-2021 11:26:17] Optimized file /wp-content/uploads/2021/06/رئيس-سيشل-300x200.jpg from 15 KB to 15 KB
[10-06-2021 11:26:17] Optimized file /wp-content/uploads/2021/06/رئيس-سيشل-150x150.jpg from 7 KB to 6 KB
[10-06-2021 11:26:19] Optimized file /wp-content/uploads/2021/06/رئيس-سيشل-768x512.jpg from 72 KB to 70 KB
[10-06-2021 11:26:20] Optimized file /wp-content/uploads/2021/06/رئيس-سيشل-238x182.jpg from 11 KB to 11 KB
[10-06-2021 11:26:21] Optimized file /wp-content/uploads/2021/06/رئيس-سيشل-150x150.jpg from 6 KB to 6 KB
[10-06-2021 11:26:22] Optimized file /wp-content/uploads/2021/06/رئيس-سيشل-240x100.jpg from 7 KB to 7 KB
[10-06-2021 11:26:25] Optimized file /wp-content/uploads/2021/06/رئيس-سيشل-400x400.jpg from 34 KB to 33 KB
[10-06-2021 11:26:26] Optimized file /wp-content/uploads/2021/06/رئيس-سيشل-560x350.jpg from 40 KB to 39 KB
[10-06-2021 11:26:27] Optimized file /wp-content/uploads/2021/06/رئيس-سيشل-770x480.jpg from 68 KB to 66 KB
[10-06-2021 11:26:29] Optimized file /wp-content/uploads/2021/06/رئيس-سيشل-150x115.jpg from 5 KB to 5 KB
[10-06-2021 11:26:29] Optimized file /wp-content/uploads/2021/06/رئيس-سيشل-238x182.jpg from 11 KB to 11 KB
[10-06-2021 11:26:31] Optimized file /wp-content/uploads/2021/06/رئيس-سيشل-337x258.jpg from 20 KB to 20 KB
[10-06-2021 11:26:33] Optimized file /wp-content/uploads/2021/06/رئيس-سيشل-536x411.jpg from 44 KB to 43 KB
[10-06-2021 11:26:43] Cannot establish connection with reSmush.it webservice while optimizing /home/albila7/public_html/wp-content/uploads/2021/06/رئيس-سيشل-426x327.jpg (timeout of 10sec.)
[10-06-2021 11:26:46] Optimized file /wp-content/uploads/2021/06/رئيس-سيشل-860x600.jpg from 103 KB to 100 KB
[10-06-2021 11:26:47] Optimized file /wp-content/uploads/2021/06/رئيس-سيشل-400x300.jpg from 28 KB to 27 KB
[10-06-2021 11:26:49] Optimized file /wp-content/uploads/2021/06/رئيس-سيشل-900x411.jpg from 78 KB to 75 KB
[10-06-2021 11:53:16] Error! Picture /wp-content/uploads/2021/06/.jpeg cannot be optimized, file is not found on disk.
[10-06-2021 11:53:17] Optimized file /wp-content/uploads/2021/06/الغذاء-300x171.jpeg from 7 KB to 6 KB
[10-06-2021 11:53:23] Optimized file /wp-content/uploads/2021/06/الغذاء-150x150.jpeg from 5 KB to 4 KB
[10-06-2021 11:53:24] Optimized file /wp-content/uploads/2021/06/الغذاء-238x182.jpeg from 7 KB to 6 KB
[10-06-2021 11:53:25] Optimized file /wp-content/uploads/2021/06/الغذاء-150x150.jpeg from 4 KB to 4 KB
[10-06-2021 11:53:25] Optimized file /wp-content/uploads/2021/06/الغذاء-240x100.jpeg from 5 KB to 4 KB
[10-06-2021 11:53:26] Optimized file /wp-content/uploads/2021/06/الغذاء-400x400.jpeg from 19 KB to 17 KB
[10-06-2021 11:53:28] Optimized file /wp-content/uploads/2021/06/الغذاء-560x350.jpeg from 18 KB to 17 KB
[10-06-2021 11:53:30] Optimized file /wp-content/uploads/2021/06/الغذاء-150x115.jpeg from 4 KB to 3 KB
[10-06-2021 11:53:31] Optimized file /wp-content/uploads/2021/06/الغذاء-238x182.jpeg from 6 KB to 6 KB
[10-06-2021 11:53:35] Optimized file /wp-content/uploads/2021/06/الغذاء-337x258.jpeg from 12 KB to 11 KB
[10-06-2021 11:53:36] Optimized file /wp-content/uploads/2021/06/الغذاء-536x400.jpeg from 22 KB to 20 KB
[10-06-2021 11:53:38] Optimized file /wp-content/uploads/2021/06/الغذاء-426x327.jpeg from 16 KB to 14 KB
[10-06-2021 11:53:38] Optimized file /wp-content/uploads/2021/06/الغذاء-400x300.jpeg from 14 KB to 13 KB
[10-06-2021 12:20:54] Error! Picture /wp-content/uploads/2021/06/-1.jpg cannot be optimized, file is not found on disk.
[10-06-2021 12:21:00] Optimized file /wp-content/uploads/2021/06/موارد-1-300x169.jpg from 6 KB to 6 KB
[10-06-2021 12:21:03] Optimized file /wp-content/uploads/2021/06/موارد-1-1024x576.jpg from 32 KB to 31 KB
[10-06-2021 12:21:05] Optimized file /wp-content/uploads/2021/06/موارد-1-150x150.jpg from 3 KB to 3 KB
[10-06-2021 12:21:07] Optimized file /wp-content/uploads/2021/06/موارد-1-768x432.jpg from 21 KB to 18 KB
[10-06-2021 12:21:09] Optimized file /wp-content/uploads/2021/06/موارد-1-238x182.jpg from 6 KB to 6 KB
[10-06-2021 12:21:11] Optimized file /wp-content/uploads/2021/06/موارد-1-150x150.jpg from 3 KB to 3 KB
[10-06-2021 12:21:17] Optimized file /wp-content/uploads/2021/06/موارد-1-240x100.jpg from 4 KB to 4 KB
[10-06-2021 12:21:17] Optimized file /wp-content/uploads/2021/06/موارد-1-400x400.jpg from 13 KB to 11 KB
[10-06-2021 12:21:19] Optimized file /wp-content/uploads/2021/06/موارد-1-560x350.jpg from 16 KB to 14 KB
[10-06-2021 12:21:21] Optimized file /wp-content/uploads/2021/06/موارد-1-770x480.jpg from 25 KB to 21 KB
[10-06-2021 12:21:23] Optimized file /wp-content/uploads/2021/06/موارد-1-1170x720.jpg from 44 KB to 44 KB
[10-06-2021 12:21:23] Optimized file /wp-content/uploads/2021/06/موارد-1-150x115.jpg from 3 KB to 3 KB
[10-06-2021 12:21:25] Optimized file /wp-content/uploads/2021/06/موارد-1-238x182.jpg from 6 KB to 6 KB
[10-06-2021 12:21:26] Optimized file /wp-content/uploads/2021/06/موارد-1-337x258.jpg from 10 KB to 9 KB
[10-06-2021 12:21:30] Optimized file /wp-content/uploads/2021/06/موارد-1-536x411.jpg from 18 KB to 16 KB
[10-06-2021 12:21:30] Optimized file /wp-content/uploads/2021/06/موارد-1-426x327.jpg from 14 KB to 12 KB
[10-06-2021 12:21:35] Optimized file /wp-content/uploads/2021/06/موارد-1-860x662.jpg from 35 KB to 29 KB
[10-06-2021 12:21:42] Optimized file /wp-content/uploads/2021/06/موارد-1-400x300.jpg from 12 KB to 11 KB
[10-06-2021 12:21:47] Optimized file /wp-content/uploads/2021/06/موارد-1-900x675.jpg from 35 KB to 29 KB
[10-06-2021 12:21:48] Optimized file /wp-content/uploads/2021/06/موارد-1-1132x411.jpg from 33 KB to 28 KB
[10-06-2021 12:28:10] Error! Picture /wp-content/uploads/2021/06/.jpeg cannot be optimized, file is not found on disk.
[10-06-2021 12:28:11] Optimized file /wp-content/uploads/2021/06/الشورى-267x300.jpeg from 24 KB to 22 KB
[10-06-2021 12:28:16] Optimized file /wp-content/uploads/2021/06/الشورى-150x150.jpeg from 8 KB to 8 KB
[10-06-2021 12:28:18] Optimized file /wp-content/uploads/2021/06/الشورى-238x182.jpeg from 13 KB to 12 KB
[10-06-2021 12:28:22] Optimized file /wp-content/uploads/2021/06/الشورى-150x150.jpeg from 8 KB to 8 KB
[10-06-2021 12:28:26] Optimized file /wp-content/uploads/2021/06/الشورى-240x100.jpeg from 7 KB to 7 KB
[10-06-2021 12:28:27] Optimized file /wp-content/uploads/2021/06/الشورى-400x400.jpeg from 38 KB to 36 KB
[10-06-2021 12:28:28] Optimized file /wp-content/uploads/2021/06/الشورى-534x350.jpeg from 44 KB to 42 KB
[10-06-2021 12:28:29] Optimized file /wp-content/uploads/2021/06/الشورى-534x480.jpeg from 61 KB to 58 KB
[10-06-2021 12:28:31] Optimized file /wp-content/uploads/2021/06/الشورى-150x115.jpeg from 6 KB to 6 KB
[10-06-2021 12:28:33] Optimized file /wp-content/uploads/2021/06/الشورى-238x182.jpeg from 12 KB to 12 KB
[10-06-2021 12:28:33] Optimized file /wp-content/uploads/2021/06/الشورى-337x258.jpeg from 23 KB to 22 KB
[10-06-2021 12:28:35] Optimized file /wp-content/uploads/2021/06/الشورى-534x411.jpeg from 52 KB to 50 KB
[10-06-2021 12:28:39] Optimized file /wp-content/uploads/2021/06/الشورى-426x327.jpeg from 34 KB to 32 KB
[10-06-2021 12:28:43] Optimized file /wp-content/uploads/2021/06/الشورى-400x300.jpeg from 30 KB to 28 KB
[10-06-2021 12:28:49] Optimized file /wp-content/uploads/2021/06/الشورى-534x411.jpeg from 50 KB to 50 KB
[10-06-2021 12:40:03] Error! Picture /wp-content/uploads/2021/06/.jpg cannot be optimized, file is not found on disk.
[10-06-2021 12:40:06] Optimized file /wp-content/uploads/2021/06/سكني-174x300.jpg from 12 KB to 12 KB
[10-06-2021 12:40:06] Optimized file /wp-content/uploads/2021/06/سكني-150x150.jpg from 6 KB to 6 KB
[10-06-2021 12:40:08] Optimized file /wp-content/uploads/2021/06/سكني-238x182.jpg from 10 KB to 9 KB
[10-06-2021 12:40:12] Optimized file /wp-content/uploads/2021/06/سكني-150x150.jpg from 6 KB to 6 KB
[10-06-2021 12:40:12] Optimized file /wp-content/uploads/2021/06/سكني-240x100.jpg from 6 KB to 5 KB
[10-06-2021 12:40:20] Optimized file /wp-content/uploads/2021/06/سكني-347x400.jpg from 29 KB to 28 KB
[10-06-2021 12:40:27] Optimized file /wp-content/uploads/2021/06/سكني-347x350.jpg from 26 KB to 25 KB
[10-06-2021 12:40:31] Optimized file /wp-content/uploads/2021/06/سكني-347x480.jpg from 34 KB to 33 KB
[10-06-2021 12:40:32] Optimized file /wp-content/uploads/2021/06/سكني-150x115.jpg from 5 KB to 4 KB
[10-06-2021 12:40:33] Optimized file /wp-content/uploads/2021/06/سكني-238x182.jpg from 9 KB to 9 KB
[10-06-2021 12:40:37] Optimized file /wp-content/uploads/2021/06/سكني-337x258.jpg from 17 KB to 16 KB
[10-06-2021 12:40:41] Optimized file /wp-content/uploads/2021/06/سكني-347x411.jpg from 30 KB to 28 KB
[10-06-2021 12:40:42] Optimized file /wp-content/uploads/2021/06/سكني-347x327.jpg from 23 KB to 22 KB
[10-06-2021 12:40:44] Optimized file /wp-content/uploads/2021/06/سكني-347x300.jpg from 22 KB to 22 KB
[10-06-2021 12:40:45] Optimized file /wp-content/uploads/2021/06/سكني-347x411.jpg from 28 KB to 28 KB
[10-06-2021 13:13:29] Error! Picture /wp-content/uploads/2021/06/-11.jpg cannot be optimized, file is not found on disk.
[10-06-2021 13:13:30] Optimized file /wp-content/uploads/2021/06/ملك-11-300x264.jpg from 11 KB to 10 KB
[10-06-2021 13:13:31] Optimized file /wp-content/uploads/2021/06/ملك-11-150x150.jpg from 5 KB to 4 KB
[10-06-2021 13:13:35] Optimized file /wp-content/uploads/2021/06/ملك-11-238x182.jpg from 7 KB to 7 KB
[10-06-2021 13:13:38] Optimized file /wp-content/uploads/2021/06/ملك-11-150x150.jpg from 4 KB to 4 KB
[10-06-2021 13:13:39] Optimized file /wp-content/uploads/2021/06/ملك-11-240x100.jpg from 4 KB to 4 KB
[10-06-2021 13:13:40] Optimized file /wp-content/uploads/2021/06/ملك-11-400x400.jpg from 19 KB to 18 KB
[10-06-2021 13:13:47] Optimized file /wp-content/uploads/2021/06/ملك-11-560x350.jpg from 20 KB to 19 KB
[10-06-2021 13:13:51] Optimized file /wp-content/uploads/2021/06/ملك-11-715x480.jpg from 33 KB to 32 KB
[10-06-2021 13:13:51] Optimized file /wp-content/uploads/2021/06/ملك-11-150x115.jpg from 4 KB to 3 KB
[10-06-2021 13:13:53] Optimized file /wp-content/uploads/2021/06/ملك-11-238x182.jpg from 7 KB to 7 KB
[10-06-2021 13:13:54] Optimized file /wp-content/uploads/2021/06/ملك-11-337x258.jpg from 12 KB to 11 KB
[10-06-2021 13:13:55] Optimized file /wp-content/uploads/2021/06/ملك-11-536x411.jpg from 24 KB to 23 KB
[10-06-2021 13:13:57] Optimized file /wp-content/uploads/2021/06/ملك-11-426x327.jpg from 17 KB to 16 KB
[10-06-2021 13:13:58] Optimized file /wp-content/uploads/2021/06/ملك-11-400x300.jpg from 15 KB to 14 KB
[10-06-2021 13:13:59] Optimized file /wp-content/uploads/2021/06/ملك-11-715x411.jpg from 29 KB to 28 KB
